版本号的发布规则 x,y,z
- x: 重大更新，可能包含不兼容的 API 修改
- y: 次要更新，添加了新功能，但保持向后兼容
- z: 修复 bug 和小的改进，不添加新功能

# v1.0.0
第一个发行版本，适配一个音乐播放软件的基本功能，后台依赖网易云
- 登录页面
- 歌单页面
- 评论页面
- 个人信息页面

# v1.0.1
对于原有的基础更能进行优化和修复
- 托盘会被系统托盘菜单页面覆盖
- Playlist 页面的 Shuffle 没法使用
- Playlist 的点击按钮要对应 Playlist 控制，而不是全局同步
- Album 小组件, 点击播放按钮之后, plarybar 的封面没有内容
- 搜索部分的优化，单击是补充搜索结果，双击直接搜索，而不是只可以通过回车搜索
- 搜索界面的歌曲增加了右键菜单
- 歌手的歌曲部分增加了右键菜单
- 个人介绍的歌曲部分增加了右键菜单
- 可以访问别人的个人介绍页面

# v1.0.2
- 修复了播放条的性能问题，核心是节流控制，每 800 毫秒最多只更新一次视图
- 保留了 CurrentTime 的记忆点，在切换歌曲或者随机播放时重置为 0
- 修复了一些大组件解耦之后的报错问题
